<?xml version="1.0" encoding="UTF-8"?>
<testng-results ignored="0" total="4" passed="4" failed="0" skipped="0">
  <reporter-output>
  </reporter-output>
  <suite started-at="2022-02-02T18:18:34 IST" name="Suite" finished-at="2022-02-02T18:19:19 IST" duration-ms="44745">
    <groups>
    </groups>
    <test started-at="2022-02-02T18:18:34 IST" name="ChromeTest" finished-at="2022-02-02T18:19:02 IST" duration-ms="28103">
      <class name="test.VerifyActitimeHeader">
        <test-method is-config="true" signature="launchBrowser(java.lang.String)[pri:0, instance:test.VerifyActitimeHeader@4f209819]" started-at="2022-02-02T18:18:34 IST" name="launchBrowser" finished-at="2022-02-02T18:18:43 IST" duration-ms="9323" status="PASS">
          <params>
            <param index="0">
              <value>
                <![CDATA[chrome]]>
              </value>
            </param>
          </params>
          <reporter-output>
          </reporter-output>
        </test-method> <!-- launchBrowser -->
        <test-method is-config="true" signature="initializePomClasses()[pri:0, instance:test.VerifyActitimeHeader@4f209819]" started-at="2022-02-02T18:18:43 IST" name="initializePomClasses" finished-at="2022-02-02T18:18:43 IST" duration-ms="98" status="PASS">
          <reporter-output>
          </reporter-output>
        </test-method> <!-- initializePomClasses -->
        <test-method is-config="true" signature="loginActitime()[pri:0, instance:test.VerifyActitimeHeader@4f209819]" started-at="2022-02-02T18:18:43 IST" name="loginActitime" finished-at="2022-02-02T18:18:47 IST" duration-ms="4138" status="PASS">
          <reporter-output>
          </reporter-output>
        </test-method> <!-- loginActitime -->
        <test-method signature="verifyReportTab()[pri:0, instance:test.VerifyActitimeHeader@4f209819]" started-at="2022-02-02T18:18:47 IST" name="verifyReportTab" finished-at="2022-02-02T18:18:53 IST" duration-ms="5702" status="PASS">
          <reporter-output>
          </reporter-output>
        </test-method> <!-- verifyReportTab -->
        <test-method is-config="true" signature="logoutFromActitime()[pri:0, instance:test.VerifyActitimeHeader@4f209819]" started-at="2022-02-02T18:18:53 IST" name="logoutFromActitime" finished-at="2022-02-02T18:18:54 IST" duration-ms="555" status="PASS">
          <reporter-output>
          </reporter-output>
        </test-method> <!-- logoutFromActitime -->
        <test-method is-config="true" signature="loginActitime()[pri:0, instance:test.VerifyActitimeHeader@4f209819]" started-at="2022-02-02T18:18:54 IST" name="loginActitime" finished-at="2022-02-02T18:18:54 IST" duration-ms="729" status="PASS">
          <reporter-output>
          </reporter-output>
        </test-method> <!-- loginActitime -->
        <test-method signature="verifyUserButton()[pri:0, instance:test.VerifyActitimeHeader@4f209819]" started-at="2022-02-02T18:18:54 IST" name="verifyUserButton" finished-at="2022-02-02T18:19:00 IST" duration-ms="6048" status="PASS">
          <reporter-output>
          </reporter-output>
        </test-method> <!-- verifyUserButton -->
        <test-method is-config="true" signature="logoutFromActitime()[pri:0, instance:test.VerifyActitimeHeader@4f209819]" started-at="2022-02-02T18:19:00 IST" name="logoutFromActitime" finished-at="2022-02-02T18:19:01 IST" duration-ms="593" status="PASS">
          <reporter-output>
          </reporter-output>
        </test-method> <!-- logoutFromActitime -->
        <test-method is-config="true" signature="closeObjects()[pri:0, instance:test.VerifyActitimeHeader@4f209819]" started-at="2022-02-02T18:19:01 IST" name="closeObjects" finished-at="2022-02-02T18:19:01 IST" duration-ms="0" status="PASS">
          <reporter-output>
          </reporter-output>
        </test-method> <!-- closeObjects -->
        <test-method is-config="true" signature="closeBrowser()[pri:0, instance:test.VerifyActitimeHeader@4f209819]" started-at="2022-02-02T18:19:01 IST" name="closeBrowser" finished-at="2022-02-02T18:19:02 IST" duration-ms="828" status="PASS">
          <reporter-output>
          </reporter-output>
        </test-method> <!-- closeBrowser -->
      </class> <!-- test.VerifyActitimeHeader -->
    </test> <!-- ChromeTest -->
    <test started-at="2022-02-02T18:19:02 IST" name="EdgeTest" finished-at="2022-02-02T18:19:19 IST" duration-ms="16500">
      <class name="test.VerifyActitimeHeader">
        <test-method is-config="true" signature="launchBrowser(java.lang.String)[pri:0, instance:test.VerifyActitimeHeader@6aba2b86]" started-at="2022-02-02T18:19:02 IST" name="launchBrowser" finished-at="2022-02-02T18:19:07 IST" duration-ms="5413" status="PASS">
          <params>
            <param index="0">
              <value>
                <![CDATA[edge]]>
              </value>
            </param>
          </params>
          <reporter-output>
          </reporter-output>
        </test-method> <!-- launchBrowser -->
        <test-method is-config="true" signature="initializePomClasses()[pri:0, instance:test.VerifyActitimeHeader@6aba2b86]" started-at="2022-02-02T18:19:07 IST" name="initializePomClasses" finished-at="2022-02-02T18:19:07 IST" duration-ms="5" status="PASS">
          <reporter-output>
          </reporter-output>
        </test-method> <!-- initializePomClasses -->
        <test-method is-config="true" signature="loginActitime()[pri:0, instance:test.VerifyActitimeHeader@6aba2b86]" started-at="2022-02-02T18:19:07 IST" name="loginActitime" finished-at="2022-02-02T18:19:10 IST" duration-ms="2950" status="PASS">
          <reporter-output>
          </reporter-output>
        </test-method> <!-- loginActitime -->
        <test-method signature="verifyReportTab()[pri:0, instance:test.VerifyActitimeHeader@6aba2b86]" started-at="2022-02-02T18:19:10 IST" name="verifyReportTab" finished-at="2022-02-02T18:19:13 IST" duration-ms="3110" status="PASS">
          <reporter-output>
          </reporter-output>
        </test-method> <!-- verifyReportTab -->
        <test-method is-config="true" signature="logoutFromActitime()[pri:0, instance:test.VerifyActitimeHeader@6aba2b86]" started-at="2022-02-02T18:19:13 IST" name="logoutFromActitime" finished-at="2022-02-02T18:19:14 IST" duration-ms="568" status="PASS">
          <reporter-output>
          </reporter-output>
        </test-method> <!-- logoutFromActitime -->
        <test-method is-config="true" signature="loginActitime()[pri:0, instance:test.VerifyActitimeHeader@6aba2b86]" started-at="2022-02-02T18:19:14 IST" name="loginActitime" finished-at="2022-02-02T18:19:15 IST" duration-ms="698" status="PASS">
          <reporter-output>
          </reporter-output>
        </test-method> <!-- loginActitime -->
        <test-method signature="verifyUserButton()[pri:0, instance:test.VerifyActitimeHeader@6aba2b86]" started-at="2022-02-02T18:19:15 IST" name="verifyUserButton" finished-at="2022-02-02T18:19:17 IST" duration-ms="2269" status="PASS">
          <reporter-output>
          </reporter-output>
        </test-method> <!-- verifyUserButton -->
        <test-method is-config="true" signature="logoutFromActitime()[pri:0, instance:test.VerifyActitimeHeader@6aba2b86]" started-at="2022-02-02T18:19:17 IST" name="logoutFromActitime" finished-at="2022-02-02T18:19:18 IST" duration-ms="494" status="PASS">
          <reporter-output>
          </reporter-output>
        </test-method> <!-- logoutFromActitime -->
        <test-method is-config="true" signature="closeObjects()[pri:0, instance:test.VerifyActitimeHeader@6aba2b86]" started-at="2022-02-02T18:19:18 IST" name="closeObjects" finished-at="2022-02-02T18:19:18 IST" duration-ms="0" status="PASS">
          <reporter-output>
          </reporter-output>
        </test-method> <!-- closeObjects -->
        <test-method is-config="true" signature="closeBrowser()[pri:0, instance:test.VerifyActitimeHeader@6aba2b86]" started-at="2022-02-02T18:19:18 IST" name="closeBrowser" finished-at="2022-02-02T18:19:19 IST" duration-ms="983" status="PASS">
          <reporter-output>
          </reporter-output>
        </test-method> <!-- closeBrowser -->
      </class> <!-- test.VerifyActitimeHeader -->
    </test> <!-- EdgeTest -->
  </suite> <!-- Suite -->
</testng-results>
